# JRE version: Java(TM) SE Runtime Environment (8.0_77-b03) (build 1.8.0_77-b03)
# Java VM: Java HotSpot(TM) 64-Bit Server VM (25.77-b03 mixed mode windows-amd64 compressed oops)
Heap:
 PSYoungGen      total 291328K, used 181956K [0x00000000eab00000, 0x0000000100000000, 0x0000000100000000)
  eden space 243712K, 57% used [0x00000000eab00000,0x00000000f35060f0,0x00000000f9900000)
  from space 47616K, 85% used [0x00000000fd180000,0x00000000ff92b228,0x0000000100000000)
  to   space 52736K, 0% used [0x00000000f9900000,0x00000000f9900000,0x00000000fcc80000)
 ParOldGen       total 170496K, used 87327K [0x00000000c0000000, 0x00000000ca680000, 0x00000000eab00000)
  object space 170496K, 51% used [0x00000000c0000000,0x00000000c5547d58,0x00000000ca680000)
 Metaspace       used 5988K, capacity 7216K, committed 7296K, reserved 1056768K
  class space    used 577K, capacity 616K, committed 640K, reserved 1048576K
GC Heap History (10 events):
Event: 6.450 GC heap before
{Heap before GC invocations=5 (full 0):
 PSYoungGen      total 138240K, used 138231K [0x00000000eab00000, 0x00000000f3700000, 0x0000000100000000)
  eden space 133120K, 100% used [0x00000000eab00000,0x00000000f2d00000,0x00000000f2d00000)
  from space 5120K, 99% used [0x00000000f3200000,0x00000000f36fddc0,0x00000000f3700000)
  to   space 5120K, 0% used [0x00000000f2d00000,0x00000000f2d00000,0x00000000f3200000)
 ParOldGen       total 87552K, used 36861K [0x00000000c0000000, 0x00000000c5580000, 0x00000000eab00000)
  object space 87552K, 42% used [0x00000000c0000000,0x00000000c23ff718,0x00000000c5580000)
 Metaspace       used 5793K, capacity 7152K, committed 7296K, reserved 1056768K
  class space    used 554K, capacity 616K, committed 640K, reserved 1048576K
Event: 6.486 GC heap after
Heap after GC invocations=5 (full 0):
 PSYoungGen      total 138240K, used 5108K [0x00000000eab00000, 0x00000000fef00000, 0x0000000100000000)
  eden space 133120K, 0% used [0x00000000eab00000,0x00000000eab00000,0x00000000f2d00000)
  from space 5120K, 99% used [0x00000000f2d00000,0x00000000f31fd0e0,0x00000000f3200000)
  to   space 32768K, 0% used [0x00000000fcf00000,0x00000000fcf00000,0x00000000fef00000)
 ParOldGen       total 87552K, used 57923K [0x00000000c0000000, 0x00000000c5580000, 0x00000000eab00000)
  object space 87552K, 66% used [0x00000000c0000000,0x00000000c3890cd8,0x00000000c5580000)
 Metaspace       used 5793K, capacity 7152K, committed 7296K, reserved 1056768K
  class space    used 554K, capacity 616K, committed 640K, reserved 1048576K
}
Event: 8.955 GC heap before
{Heap before GC invocations=6 (full 0):
 PSYoungGen      total 138240K, used 138228K [0x00000000eab00000, 0x00000000fef00000, 0x0000000100000000)
  eden space 133120K, 100% used [0x00000000eab00000,0x00000000f2d00000,0x00000000f2d00000)
  from space 5120K, 99% used [0x00000000f2d00000,0x00000000f31fd0e0,0x00000000f3200000)
  to   space 32768K, 0% used [0x00000000fcf00000,0x00000000fcf00000,0x00000000fef00000)
 ParOldGen       total 87552K, used 57923K [0x00000000c0000000, 0x00000000c5580000, 0x00000000eab00000)
  object space 87552K, 66% used [0x00000000c0000000,0x00000000c3890cd8,0x00000000c5580000)
 Metaspace       used 5901K, capacity 7152K, committed 7296K, reserved 1056768K
  class space    used 573K, capacity 616K, committed 640K, reserved 1048576K
Event: 9.037 GC heap after
Heap after GC invocations=6 (full 0):
 PSYoungGen      total 297984K, used 20918K [0x00000000eab00000, 0x00000000fee00000, 0x0000000100000000)
  eden space 266240K, 0% used [0x00000000eab00000,0x00000000eab00000,0x00000000faf00000)
  from space 31744K, 65% used [0x00000000fcf00000,0x00000000fe36d838,0x00000000fee00000)
  to   space 32256K, 0% used [0x00000000faf00000,0x00000000faf00000,0x00000000fce80000)
 ParOldGen       total 87552K, used 57931K [0x00000000c0000000, 0x00000000c5580000, 0x00000000eab00000)
  object space 87552K, 66% used [0x00000000c0000000,0x00000000c3892cd8,0x00000000c5580000)
 Metaspace       used 5901K, capacity 7152K, committed 7296K, reserved 1056768K
  class space    used 573K, capacity 616K, committed 640K, reserved 1048576K
}
Event: 13.135 GC heap before
{Heap before GC invocations=7 (full 0):
 PSYoungGen      total 297984K, used 287158K [0x00000000eab00000, 0x00000000fee00000, 0x0000000100000000)
  eden space 266240K, 100% used [0x00000000eab00000,0x00000000faf00000,0x00000000faf00000)
  from space 31744K, 65% used [0x00000000fcf00000,0x00000000fe36d838,0x00000000fee00000)
  to   space 32256K, 0% used [0x00000000faf00000,0x00000000faf00000,0x00000000fce80000)
 ParOldGen       total 87552K, used 57931K [0x00000000c0000000, 0x00000000c5580000, 0x00000000eab00000)
  object space 87552K, 66% used [0x00000000c0000000,0x00000000c3892cd8,0x00000000c5580000)
 Metaspace       used 5923K, capacity 7152K, committed 7296K, reserved 1056768K
  class space    used 573K, capacity 616K, committed 640K, reserved 1048576K
Event: 13.207 GC heap after
Heap after GC invocations=7 (full 0):
 PSYoungGen      total 298496K, used 32226K [0x00000000eab00000, 0x0000000100000000, 0x0000000100000000)
  eden space 266240K, 0% used [0x00000000eab00000,0x00000000eab00000,0x00000000faf00000)
  from space 32256K, 99% used [0x00000000faf00000,0x00000000fce78b68,0x00000000fce80000)
  to   space 47616K, 0% used [0x00000000fd180000,0x00000000fd180000,0x0000000100000000)
 ParOldGen       total 87552K, used 77514K [0x00000000c0000000, 0x00000000c5580000, 0x00000000eab00000)
  object space 87552K, 88% used [0x00000000c0000000,0x00000000c4bb2808,0x00000000c5580000)
 Metaspace       used 5923K, capacity 7152K, committed 7296K, reserved 1056768K
  class space    used 573K, capacity 616K, committed 640K, reserved 1048576K
}
Event: 13.207 GC heap before
{Heap before GC invocations=8 (full 1):
 PSYoungGen      total 298496K, used 32226K [0x00000000eab00000, 0x0000000100000000, 0x0000000100000000)
  eden space 266240K, 0% used [0x00000000eab00000,0x00000000eab00000,0x00000000faf00000)
  from space 32256K, 99% used [0x00000000faf00000,0x00000000fce78b68,0x00000000fce80000)
  to   space 47616K, 0% used [0x00000000fd180000,0x00000000fd180000,0x0000000100000000)
 ParOldGen       total 87552K, used 77514K [0x00000000c0000000, 0x00000000c5580000, 0x00000000eab00000)
  object space 87552K, 88% used [0x00000000c0000000,0x00000000c4bb2808,0x00000000c5580000)
 Metaspace       used 5923K, capacity 7152K, committed 7296K, reserved 1056768K
  class space    used 573K, capacity 616K, committed 640K, reserved 1048576K
Event: 14.380 GC heap after
Heap after GC invocations=8 (full 1):
 PSYoungGen      total 298496K, used 4056K [0x00000000eab00000, 0x0000000100000000, 0x0000000100000000)
  eden space 266240K, 0% used [0x00000000eab00000,0x00000000eab00000,0x00000000faf00000)
  from space 32256K, 12% used [0x00000000faf00000,0x00000000fb2f62c8,0x00000000fce80000)
  to   space 47616K, 0% used [0x00000000fd180000,0x00000000fd180000,0x0000000100000000)
 ParOldGen       total 170496K, used 87327K [0x00000000c0000000, 0x00000000ca680000, 0x00000000eab00000)
  object space 170496K, 51% used [0x00000000c0000000,0x00000000c5547d58,0x00000000ca680000)
 Metaspace       used 5923K, capacity 7152K, committed 7296K, reserved 1056768K
  class space    used 573K, capacity 616K, committed 640K, reserved 1048576K
}
Event: 18.320 GC heap before
{Heap before GC invocations=9 (full 1):
 PSYoungGen      total 298496K, used 270296K [0x00000000eab00000, 0x0000000100000000, 0x0000000100000000)
  eden space 266240K, 100% used [0x00000000eab00000,0x00000000faf00000,0x00000000faf00000)
  from space 32256K, 12% used [0x00000000faf00000,0x00000000fb2f62c8,0x00000000fce80000)
  to   space 47616K, 0% used [0x00000000fd180000,0x00000000fd180000,0x0000000100000000)
 ParOldGen       total 170496K, used 87327K [0x00000000c0000000, 0x00000000ca680000, 0x00000000eab00000)
  object space 170496K, 51% used [0x00000000c0000000,0x00000000c5547d58,0x00000000ca680000)
 Metaspace       used 5955K, capacity 7152K, committed 7296K, reserved 1056768K
  class space    used 573K, capacity 616K, committed 640K, reserved 1048576K
Event: 18.406 GC heap after
Heap after GC invocations=9 (full 1):
 PSYoungGen      total 291328K, used 40620K [0x00000000eab00000, 0x0000000100000000, 0x0000000100000000)
  eden space 243712K, 0% used [0x00000000eab00000,0x00000000eab00000,0x00000000f9900000)
  from space 47616K, 85% used [0x00000000fd180000,0x00000000ff92b228,0x0000000100000000)
  to   space 52736K, 0% used [0x00000000f9900000,0x00000000f9900000,0x00000000fcc80000)
 ParOldGen       total 170496K, used 87327K [0x00000000c0000000, 0x00000000ca680000, 0x00000000eab00000)
  object space 170496K, 51% used [0x00000000c0000000,0x00000000c5547d58,0x00000000ca680000)
 Metaspace       used 5955K, capacity 7152K, committed 7296K, reserved 1056768K
  class space    used 573K, capacity 616K, committed 640K, reserved 1048576K
}

