# JRE version: Java(TM) SE Runtime Environment (8.0_77-b03) (build 1.8.0_77-b03)
# Java VM: Java HotSpot(TM) 64-Bit Server VM (25.77-b03 mixed mode windows-amd64 compressed oops)
Heap:
 PSYoungGen      total 251904K, used 71998K [0x00000000eab00000, 0x0000000100000000, 0x0000000100000000)
  eden space 156672K, 45% used [0x00000000eab00000,0x00000000ef14f8f0,0x00000000f4400000)
  from space 95232K, 0% used [0x00000000fa300000,0x00000000fa300000,0x0000000100000000)
  to   space 96256K, 0% used [0x00000000f4400000,0x00000000f4400000,0x00000000fa200000)
 ParOldGen       total 237056K, used 113224K [0x00000000c0000000, 0x00000000ce780000, 0x00000000eab00000)
  object space 237056K, 47% used [0x00000000c0000000,0x00000000c6e920a8,0x00000000ce780000)
 Metaspace       used 5596K, capacity 6832K, committed 7040K, reserved 1056768K
  class space    used 556K, capacity 616K, committed 640K, reserved 1048576K
GC Heap History (10 events):
Event: 9.410 GC heap before
{Heap before GC invocations=9 (full 2):
 PSYoungGen      total 275456K, used 267991K [0x00000000eab00000, 0x0000000100000000, 0x0000000100000000)
  eden space 216064K, 100% used [0x00000000eab00000,0x00000000f7e00000,0x00000000f7e00000)
  from space 59392K, 87% used [0x00000000fc300000,0x00000000ff5b5e60,0x00000000ffd00000)
  to   space 66560K, 0% used [0x00000000f7e00000,0x00000000f7e00000,0x00000000fbf00000)
 ParOldGen       total 166912K, used 56599K [0x00000000c0000000, 0x00000000ca300000, 0x00000000eab00000)
  object space 166912K, 33% used [0x00000000c0000000,0x00000000c3745e60,0x00000000ca300000)
 Metaspace       used 5522K, capacity 6768K, committed 7040K, reserved 1056768K
  class space    used 552K, capacity 616K, committed 640K, reserved 1048576K
Event: 9.602 GC heap after
Heap after GC invocations=9 (full 2):
 PSYoungGen      total 280576K, used 64099K [0x00000000eab00000, 0x0000000100000000, 0x0000000100000000)
  eden space 216064K, 0% used [0x00000000eab00000,0x00000000eab00000,0x00000000f7e00000)
  from space 64512K, 99% used [0x00000000f7e00000,0x00000000fbc98fc8,0x00000000fbd00000)
  to   space 68608K, 0% used [0x00000000fbd00000,0x00000000fbd00000,0x0000000100000000)
 ParOldGen       total 166912K, used 56599K [0x00000000c0000000, 0x00000000ca300000, 0x00000000eab00000)
  object space 166912K, 33% used [0x00000000c0000000,0x00000000c3745e60,0x00000000ca300000)
 Metaspace       used 5522K, capacity 6768K, committed 7040K, reserved 1056768K
  class space    used 552K, capacity 616K, committed 640K, reserved 1048576K
}
Event: 10.605 GC heap before
{Heap before GC invocations=10 (full 2):
 PSYoungGen      total 280576K, used 280163K [0x00000000eab00000, 0x0000000100000000, 0x0000000100000000)
  eden space 216064K, 100% used [0x00000000eab00000,0x00000000f7e00000,0x00000000f7e00000)
  from space 64512K, 99% used [0x00000000f7e00000,0x00000000fbc98fc8,0x00000000fbd00000)
  to   space 68608K, 0% used [0x00000000fbd00000,0x00000000fbd00000,0x0000000100000000)
 ParOldGen       total 166912K, used 56599K [0x00000000c0000000, 0x00000000ca300000, 0x00000000eab00000)
  object space 166912K, 33% used [0x00000000c0000000,0x00000000c3745e60,0x00000000ca300000)
 Metaspace       used 5539K, capacity 6768K, committed 7040K, reserved 1056768K
  class space    used 552K, capacity 616K, committed 640K, reserved 1048576K
Event: 10.657 GC heap after
Heap after GC invocations=10 (full 2):
 PSYoungGen      total 240640K, used 68604K [0x00000000eab00000, 0x0000000100000000, 0x0000000100000000)
  eden space 172032K, 0% used [0x00000000eab00000,0x00000000eab00000,0x00000000f5300000)
  from space 68608K, 99% used [0x00000000fbd00000,0x00000000fffff068,0x0000000100000000)
  to   space 88576K, 0% used [0x00000000f5300000,0x00000000f5300000,0x00000000fa980000)
 ParOldGen       total 166912K, used 64897K [0x00000000c0000000, 0x00000000ca300000, 0x00000000eab00000)
  object space 166912K, 38% used [0x00000000c0000000,0x00000000c3f605a8,0x00000000ca300000)
 Metaspace       used 5539K, capacity 6768K, committed 7040K, reserved 1056768K
  class space    used 552K, capacity 616K, committed 640K, reserved 1048576K
}
Event: 11.166 GC heap before
{Heap before GC invocations=11 (full 2):
 PSYoungGen      total 240640K, used 240636K [0x00000000eab00000, 0x0000000100000000, 0x0000000100000000)
  eden space 172032K, 100% used [0x00000000eab00000,0x00000000f5300000,0x00000000f5300000)
  from space 68608K, 99% used [0x00000000fbd00000,0x00000000fffff068,0x0000000100000000)
  to   space 88576K, 0% used [0x00000000f5300000,0x00000000f5300000,0x00000000fa980000)
 ParOldGen       total 166912K, used 64897K [0x00000000c0000000, 0x00000000ca300000, 0x00000000eab00000)
  object space 166912K, 38% used [0x00000000c0000000,0x00000000c3f605a8,0x00000000ca300000)
 Metaspace       used 5552K, capacity 6768K, committed 7040K, reserved 1056768K
  class space    used 552K, capacity 616K, committed 640K, reserved 1048576K
Event: 11.277 GC heap after
Heap after GC invocations=11 (full 2):
 PSYoungGen      total 245248K, used 73068K [0x00000000eab00000, 0x0000000100000000, 0x0000000100000000)
  eden space 172032K, 0% used [0x00000000eab00000,0x00000000eab00000,0x00000000f5300000)
  from space 73216K, 99% used [0x00000000f5300000,0x00000000f9a5b2d8,0x00000000f9a80000)
  to   space 95232K, 0% used [0x00000000fa300000,0x00000000fa300000,0x0000000100000000)
 ParOldGen       total 166912K, used 76706K [0x00000000c0000000, 0x00000000ca300000, 0x00000000eab00000)
  object space 166912K, 45% used [0x00000000c0000000,0x00000000c4ae8bd0,0x00000000ca300000)
 Metaspace       used 5552K, capacity 6768K, committed 7040K, reserved 1056768K
  class space    used 552K, capacity 616K, committed 640K, reserved 1048576K
}
Event: 11.914 GC heap before
{Heap before GC invocations=12 (full 2):
 PSYoungGen      total 245248K, used 245100K [0x00000000eab00000, 0x0000000100000000, 0x0000000100000000)
  eden space 172032K, 100% used [0x00000000eab00000,0x00000000f5300000,0x00000000f5300000)
  from space 73216K, 99% used [0x00000000f5300000,0x00000000f9a5b2d8,0x00000000f9a80000)
  to   space 95232K, 0% used [0x00000000fa300000,0x00000000fa300000,0x0000000100000000)
 ParOldGen       total 166912K, used 76706K [0x00000000c0000000, 0x00000000ca300000, 0x00000000eab00000)
  object space 166912K, 45% used [0x00000000c0000000,0x00000000c4ae8bd0,0x00000000ca300000)
 Metaspace       used 5561K, capacity 6768K, committed 7040K, reserved 1056768K
  class space    used 552K, capacity 616K, committed 640K, reserved 1048576K
Event: 11.997 GC heap after
Heap after GC invocations=12 (full 2):
 PSYoungGen      total 251904K, used 63039K [0x00000000eab00000, 0x0000000100000000, 0x0000000100000000)
  eden space 156672K, 0% used [0x00000000eab00000,0x00000000eab00000,0x00000000f4400000)
  from space 95232K, 66% used [0x00000000fa300000,0x00000000fe08fed0,0x0000000100000000)
  to   space 96256K, 0% used [0x00000000f4400000,0x00000000f4400000,0x00000000fa200000)
 ParOldGen       total 166912K, used 130646K [0x00000000c0000000, 0x00000000ca300000, 0x00000000eab00000)
  object space 166912K, 78% used [0x00000000c0000000,0x00000000c7f95998,0x00000000ca300000)
 Metaspace       used 5561K, capacity 6768K, committed 7040K, reserved 1056768K
  class space    used 552K, capacity 616K, committed 640K, reserved 1048576K
}
Event: 11.997 GC heap before
{Heap before GC invocations=13 (full 3):
 PSYoungGen      total 251904K, used 63039K [0x00000000eab00000, 0x0000000100000000, 0x0000000100000000)
  eden space 156672K, 0% used [0x00000000eab00000,0x00000000eab00000,0x00000000f4400000)
  from space 95232K, 66% used [0x00000000fa300000,0x00000000fe08fed0,0x0000000100000000)
  to   space 96256K, 0% used [0x00000000f4400000,0x00000000f4400000,0x00000000fa200000)
 ParOldGen       total 166912K, used 130646K [0x00000000c0000000, 0x00000000ca300000, 0x00000000eab00000)
  object space 166912K, 78% used [0x00000000c0000000,0x00000000c7f95998,0x00000000ca300000)
 Metaspace       used 5561K, capacity 6768K, committed 7040K, reserved 1056768K
  class space    used 552K, capacity 616K, committed 640K, reserved 1048576K
Event: 12.520 GC heap after
Heap after GC invocations=13 (full 3):
 PSYoungGen      total 251904K, used 0K [0x00000000eab00000, 0x0000000100000000, 0x0000000100000000)
  eden space 156672K, 0% used [0x00000000eab00000,0x00000000eab00000,0x00000000f4400000)
  from space 95232K, 0% used [0x00000000fa300000,0x00000000fa300000,0x0000000100000000)
  to   space 96256K, 0% used [0x00000000f4400000,0x00000000f4400000,0x00000000fa200000)
 ParOldGen       total 237056K, used 113224K [0x00000000c0000000, 0x00000000ce780000, 0x00000000eab00000)
  object space 237056K, 47% used [0x00000000c0000000,0x00000000c6e920a8,0x00000000ce780000)
 Metaspace       used 5561K, capacity 6768K, committed 7040K, reserved 1056768K
  class space    used 552K, capacity 616K, committed 640K, reserved 1048576K
}

