# JRE version: Java(TM) SE Runtime Environment (8.0_77-b03) (build 1.8.0_77-b03)
# Java VM: Java HotSpot(TM) 64-Bit Server VM (25.77-b03 mixed mode windows-amd64 compressed oops)
Heap:
 PSYoungGen      total 252416K, used 185767K [0x00000000eab00000, 0x0000000100000000, 0x0000000100000000)
  eden space 159744K, 80% used [0x00000000eab00000,0x00000000f2822a88,0x00000000f4700000)
  from space 92672K, 62% used [0x00000000fa580000,0x00000000fddc72f8,0x0000000100000000)
  to   space 94720K, 0% used [0x00000000f4700000,0x00000000f4700000,0x00000000fa380000)
 ParOldGen       total 161280K, used 97545K [0x00000000c0000000, 0x00000000c9d80000, 0x00000000eab00000)
  object space 161280K, 60% used [0x00000000c0000000,0x00000000c5f42708,0x00000000c9d80000)
 Metaspace       used 5869K, capacity 7024K, committed 7296K, reserved 1056768K
  class space    used 564K, capacity 616K, committed 640K, reserved 1048576K
GC Heap History (10 events):
Event: 7.280 GC heap before
{Heap before GC invocations=8 (full 2):
 PSYoungGen      total 138240K, used 133120K [0x00000000eab00000, 0x0000000100000000, 0x0000000100000000)
  eden space 133120K, 100% used [0x00000000eab00000,0x00000000f2d00000,0x00000000f2d00000)
  from space 5120K, 0% used [0x00000000f2d00000,0x00000000f2d00000,0x00000000f3200000)
  to   space 59392K, 0% used [0x00000000fc600000,0x00000000fc600000,0x0000000100000000)
 ParOldGen       total 161280K, used 56391K [0x00000000c0000000, 0x00000000c9d80000, 0x00000000eab00000)
  object space 161280K, 34% used [0x00000000c0000000,0x00000000c3711f20,0x00000000c9d80000)
 Metaspace       used 5507K, capacity 6768K, committed 7040K, reserved 1056768K
  class space    used 552K, capacity 616K, committed 640K, reserved 1048576K
Event: 7.310 GC heap after
Heap after GC invocations=8 (full 2):
 PSYoungGen      total 266240K, used 52225K [0x00000000eab00000, 0x00000000ffb80000, 0x0000000100000000)
  eden space 211456K, 0% used [0x00000000eab00000,0x00000000eab00000,0x00000000f7980000)
  from space 54784K, 95% used [0x00000000fc600000,0x00000000ff900450,0x00000000ffb80000)
  to   space 66560K, 0% used [0x00000000f7980000,0x00000000f7980000,0x00000000fba80000)
 ParOldGen       total 161280K, used 56391K [0x00000000c0000000, 0x00000000c9d80000, 0x00000000eab00000)
  object space 161280K, 34% used [0x00000000c0000000,0x00000000c3711f20,0x00000000c9d80000)
 Metaspace       used 5507K, capacity 6768K, committed 7040K, reserved 1056768K
  class space    used 552K, capacity 616K, committed 640K, reserved 1048576K
}
Event: 8.138 GC heap before
{Heap before GC invocations=9 (full 2):
 PSYoungGen      total 266240K, used 263681K [0x00000000eab00000, 0x00000000ffb80000, 0x0000000100000000)
  eden space 211456K, 100% used [0x00000000eab00000,0x00000000f7980000,0x00000000f7980000)
  from space 54784K, 95% used [0x00000000fc600000,0x00000000ff900450,0x00000000ffb80000)
  to   space 66560K, 0% used [0x00000000f7980000,0x00000000f7980000,0x00000000fba80000)
 ParOldGen       total 161280K, used 56391K [0x00000000c0000000, 0x00000000c9d80000, 0x00000000eab00000)
  object space 161280K, 34% used [0x00000000c0000000,0x00000000c3711f20,0x00000000c9d80000)
 Metaspace       used 5515K, capacity 6768K, committed 7040K, reserved 1056768K
  class space    used 552K, capacity 616K, committed 640K, reserved 1048576K
Event: 8.227 GC heap after
Heap after GC invocations=9 (full 2):
 PSYoungGen      total 275968K, used 64200K [0x00000000eab00000, 0x0000000100000000, 0x0000000100000000)
  eden space 211456K, 0% used [0x00000000eab00000,0x00000000eab00000,0x00000000f7980000)
  from space 64512K, 99% used [0x00000000f7980000,0x00000000fb832258,0x00000000fb880000)
  to   space 73216K, 0% used [0x00000000fb880000,0x00000000fb880000,0x0000000100000000)
 ParOldGen       total 161280K, used 56391K [0x00000000c0000000, 0x00000000c9d80000, 0x00000000eab00000)
  object space 161280K, 34% used [0x00000000c0000000,0x00000000c3711f20,0x00000000c9d80000)
 Metaspace       used 5515K, capacity 6768K, committed 7040K, reserved 1056768K
  class space    used 552K, capacity 616K, committed 640K, reserved 1048576K
}
Event: 9.063 GC heap before
{Heap before GC invocations=10 (full 2):
 PSYoungGen      total 275968K, used 275656K [0x00000000eab00000, 0x0000000100000000, 0x0000000100000000)
  eden space 211456K, 100% used [0x00000000eab00000,0x00000000f7980000,0x00000000f7980000)
  from space 64512K, 99% used [0x00000000f7980000,0x00000000fb832258,0x00000000fb880000)
  to   space 73216K, 0% used [0x00000000fb880000,0x00000000fb880000,0x0000000100000000)
 ParOldGen       total 161280K, used 56391K [0x00000000c0000000, 0x00000000c9d80000, 0x00000000eab00000)
  object space 161280K, 34% used [0x00000000c0000000,0x00000000c3711f20,0x00000000c9d80000)
 Metaspace       used 5532K, capacity 6768K, committed 7040K, reserved 1056768K
  class space    used 552K, capacity 616K, committed 640K, reserved 1048576K
Event: 9.102 GC heap after
Heap after GC invocations=10 (full 2):
 PSYoungGen      total 250368K, used 71029K [0x00000000eab00000, 0x0000000100000000, 0x0000000100000000)
  eden space 177152K, 0% used [0x00000000eab00000,0x00000000eab00000,0x00000000f5800000)
  from space 73216K, 97% used [0x00000000fb880000,0x00000000ffddd458,0x0000000100000000)
  to   space 86016K, 0% used [0x00000000f5800000,0x00000000f5800000,0x00000000fac00000)
 ParOldGen       total 161280K, used 56399K [0x00000000c0000000, 0x00000000c9d80000, 0x00000000eab00000)
  object space 161280K, 34% used [0x00000000c0000000,0x00000000c3713f20,0x00000000c9d80000)
 Metaspace       used 5532K, capacity 6768K, committed 7040K, reserved 1056768K
  class space    used 552K, capacity 616K, committed 640K, reserved 1048576K
}
Event: 9.760 GC heap before
{Heap before GC invocations=11 (full 2):
 PSYoungGen      total 250368K, used 248181K [0x00000000eab00000, 0x0000000100000000, 0x0000000100000000)
  eden space 177152K, 100% used [0x00000000eab00000,0x00000000f5800000,0x00000000f5800000)
  from space 73216K, 97% used [0x00000000fb880000,0x00000000ffddd458,0x0000000100000000)
  to   space 86016K, 0% used [0x00000000f5800000,0x00000000f5800000,0x00000000fac00000)
 ParOldGen       total 161280K, used 56399K [0x00000000c0000000, 0x00000000c9d80000, 0x00000000eab00000)
  object space 161280K, 34% used [0x00000000c0000000,0x00000000c3713f20,0x00000000c9d80000)
 Metaspace       used 5546K, capacity 6768K, committed 7040K, reserved 1056768K
  class space    used 552K, capacity 616K, committed 640K, reserved 1048576K
Event: 9.813 GC heap after
Heap after GC invocations=11 (full 2):
 PSYoungGen      total 256512K, used 78851K [0x00000000eab00000, 0x0000000100000000, 0x0000000100000000)
  eden space 177152K, 0% used [0x00000000eab00000,0x00000000eab00000,0x00000000f5800000)
  from space 79360K, 99% used [0x00000000f5800000,0x00000000fa500f60,0x00000000fa580000)
  to   space 92672K, 0% used [0x00000000fa580000,0x00000000fa580000,0x0000000100000000)
 ParOldGen       total 161280K, used 68305K [0x00000000c0000000, 0x00000000c9d80000, 0x00000000eab00000)
  object space 161280K, 42% used [0x00000000c0000000,0x00000000c42b4548,0x00000000c9d80000)
 Metaspace       used 5546K, capacity 6768K, committed 7040K, reserved 1056768K
  class space    used 552K, capacity 616K, committed 640K, reserved 1048576K
}
Event: 10.399 GC heap before
{Heap before GC invocations=12 (full 2):
 PSYoungGen      total 256512K, used 256003K [0x00000000eab00000, 0x0000000100000000, 0x0000000100000000)
  eden space 177152K, 100% used [0x00000000eab00000,0x00000000f5800000,0x00000000f5800000)
  from space 79360K, 99% used [0x00000000f5800000,0x00000000fa500f60,0x00000000fa580000)
  to   space 92672K, 0% used [0x00000000fa580000,0x00000000fa580000,0x0000000100000000)
 ParOldGen       total 161280K, used 68305K [0x00000000c0000000, 0x00000000c9d80000, 0x00000000eab00000)
  object space 161280K, 42% used [0x00000000c0000000,0x00000000c42b4548,0x00000000c9d80000)
 Metaspace       used 5555K, capacity 6768K, committed 7040K, reserved 1056768K
  class space    used 552K, capacity 616K, committed 640K, reserved 1048576K
Event: 10.444 GC heap after
Heap after GC invocations=12 (full 2):
 PSYoungGen      total 252416K, used 57628K [0x00000000eab00000, 0x0000000100000000, 0x0000000100000000)
  eden space 159744K, 0% used [0x00000000eab00000,0x00000000eab00000,0x00000000f4700000)
  from space 92672K, 62% used [0x00000000fa580000,0x00000000fddc72f8,0x0000000100000000)
  to   space 94720K, 0% used [0x00000000f4700000,0x00000000f4700000,0x00000000fa380000)
 ParOldGen       total 161280K, used 97545K [0x00000000c0000000, 0x00000000c9d80000, 0x00000000eab00000)
  object space 161280K, 60% used [0x00000000c0000000,0x00000000c5f42708,0x00000000c9d80000)
 Metaspace       used 5555K, capacity 6768K, committed 7040K, reserved 1056768K
  class space    used 552K, capacity 616K, committed 640K, reserved 1048576K
}

